2020-11-08 19:27:54,811 ERROR get account info failed: unknown err
2020-11-08 19:28:41,264 INFO get account info successed
2020-11-08 19:29:07,141 INFO issuing entrust successed: buy stock 002241 37.01 100 contractNo 1769695602
2020-11-08 19:29:13,028 INFO issuing entrust successed: buy stock 600196 60.01 100 contractNo 1769695603
2020-11-08 19:29:19,231 INFO issuing entrust successed: buy stock 600196 None 100 contractNo 1769781585
2020-11-08 19:29:24,911 ERROR issuing entrust failed: sell stock 600196 61.81 100. Err: -1 警告 股票余额不足，不允许卖空
2020-11-08 19:29:30,148 ERROR issuing entrust failed: sell stock 002241 40.01 200. Err: -1 警告 股票余额不足，不允许卖空
2020-11-08 19:29:36,020 ERROR issuing entrust failed: sell stock 002241 None 200. Err: -1 警告 股票余额不足，不允许卖空
2020-11-08 19:29:51,883 INFO revoke entrust successed: allBuyAndSell stock None
2020-11-08 19:29:54,887 INFO revoke entrust successed: allBuy stock None
2020-11-08 19:29:57,881 INFO revoke entrust successed: allSell stock None
2020-11-08 19:30:00,604 INFO revoke entrust successed: contractNo stock 1670247753
2020-11-08 19:30:12,020 INFO get holding shares successed
2020-11-08 19:30:32,574 INFO get holding shares successed
2020-11-08 19:31:05,312 INFO get entrust successed
2020-11-08 19:31:08,657 INFO get entrust successed
2020-11-08 19:31:41,266 INFO get closed deals successed
2020-11-08 19:31:45,060 ERROR get closed deals failed: 警告 业务提示: 查询时间区间必须在30天以内
2020-11-08 19:33:17,628 INFO get closed deals successed
2020-11-08 19:33:21,042 INFO get closed deals successed
2020-11-08 19:35:52,255 INFO get closed deals successed
2020-11-08 19:35:55,359 INFO get closed deals successed
2020-11-08 19:36:09,152 INFO get closed deals successed
2020-11-08 19:36:12,688 INFO get closed deals successed
2020-11-08 19:37:06,948 INFO get capital details successed
2020-11-08 19:37:10,021 INFO get capital details successed
2020-11-08 19:37:24,553 INFO get capital details successed
2020-11-08 19:37:27,967 INFO get capital details successed
2020-11-08 19:37:51,247 INFO revoke entrust successed: allBuyAndSell stock None
2020-11-08 19:37:54,225 INFO get holding shares successed
2020-11-08 19:37:54,226 INFO liquidating successed
2020-11-08 19:38:12,716 INFO issuing entrust successed: buy stock 512290 2.169 1000 contractNo 1769778086
2020-11-08 19:38:18,554 INFO issuing entrust successed: buy stock 512290 None 1000 contractNo 1769781274
2020-11-08 19:38:18,555 INFO entrust protfolio successed
